<?xml version="1.0" encoding="UTF-8"?>
<?xml-stylesheet type="text/xsl" href="ivy-report.xsl"?>
<ivy-report version="1.0">
	<info
		organisation="test-scala-01"
		module="test-scala-01_2.12"
		revision="1.0"
		conf="provided"
		confs="compile, runtime, test, provided, optional, compile-internal, runtime-internal, test-internal, plugin, sources, docs, pom, scala-tool, scoveragePlugin"
		date="20180208173729"/>
	<dependencies>
	</dependencies>
</ivy-report>
